[6:00:55 PM] [semantic-release] › ℹ  Running semantic-release version 24.2.3
[6:00:55 PM] [semantic-release] › ✔  Loaded plugin "verifyConditions" from "@semantic-release/changelog"
[6:00:55 PM] [semantic-release] › ✔  Loaded plugin "verifyConditions" from "@semantic-release/git"
[6:00:55 PM] [semantic-release] › ✔  Loaded plugin "verifyConditions" from "@semantic-release/github"
[6:00:55 PM] [semantic-release] › ✔  Loaded plugin "analyzeCommits" from "@semantic-release/commit-analyzer"
[6:00:55 PM] [semantic-release] › ✔  Loaded plugin "generateNotes" from "@semantic-release/release-notes-generator"
[6:00:55 PM] [semantic-release] › ✔  Loaded plugin "prepare" from "@semantic-release/changelog"
[6:00:55 PM] [semantic-release] › ✔  Loaded plugin "prepare" from "@semantic-release/git"
[6:00:55 PM] [semantic-release] › ✔  Loaded plugin "publish" from "@semantic-release/github"
[6:00:55 PM] [semantic-release] › ✔  Loaded plugin "addChannel" from "@semantic-release/github"
[6:00:55 PM] [semantic-release] › ✔  Loaded plugin "success" from "@semantic-release/github"
[6:00:55 PM] [semantic-release] › ✔  Loaded plugin "fail" from "@semantic-release/github"
[6:00:56 PM] [semantic-release] › ✔  Run automated release from branch main on repository https://github.com/sleeping-in-bed/pypjt
[6:00:56 PM] [semantic-release] › ✔  Allowed to push to the Git repository
[6:00:56 PM] [semantic-release] › ℹ  Start step "verifyConditions" of plugin "@semantic-release/changelog"
[6:00:56 PM] [semantic-release] › ✔  Completed step "verifyConditions" of plugin "@semantic-release/changelog"
[6:00:56 PM] [semantic-release] › ℹ  Start step "verifyConditions" of plugin "@semantic-release/git"
[6:00:56 PM] [semantic-release] › ✔  Completed step "verifyConditions" of plugin "@semantic-release/git"
[6:00:56 PM] [semantic-release] › ℹ  Start step "verifyConditions" of plugin "@semantic-release/github"
[6:00:56 PM] [semantic-release] [@semantic-release/github] › ℹ  Verify GitHub authentication (https://api.github.com)
[6:00:57 PM] [semantic-release] › ✔  Completed step "verifyConditions" of plugin "@semantic-release/github"
[6:00:57 PM] [semantic-release] › ℹ  Found git tag v1.5.4 associated with version 1.5.4 on branch main
[6:00:57 PM] [semantic-release] › ℹ  Found 2 commits since last release
[6:00:57 PM] [semantic-release] › ℹ  Start step "analyzeCommits" of plugin "@semantic-release/commit-analyzer"
[6:00:57 PM] [semantic-release] [@semantic-release/commit-analyzer] › ℹ  Analyzing commit: feat: sync to project
[6:00:57 PM] [semantic-release] [@semantic-release/commit-analyzer] › ℹ  The release type for the commit is minor
[6:00:57 PM] [semantic-release] [@semantic-release/commit-analyzer] › ℹ  Analyzing commit: chore: update the version of the file(s) [skip ci]
[6:00:57 PM] [semantic-release] [@semantic-release/commit-analyzer] › ℹ  The commit should not trigger a release
[6:00:57 PM] [semantic-release] [@semantic-release/commit-analyzer] › ℹ  Analysis of 2 commits complete: minor release
[6:00:57 PM] [semantic-release] › ✔  Completed step "analyzeCommits" of plugin "@semantic-release/commit-analyzer"
[6:00:57 PM] [semantic-release] › ℹ  The next release version is 1.6.0
[6:00:57 PM] [semantic-release] › ℹ  Start step "generateNotes" of plugin "@semantic-release/release-notes-generator"
[6:00:57 PM] [semantic-release] › ✔  Completed step "generateNotes" of plugin "@semantic-release/release-notes-generator"
[6:00:57 PM] [semantic-release] › ℹ  Start step "prepare" of plugin "@semantic-release/changelog"
[6:00:57 PM] [semantic-release] [@semantic-release/changelog] › ℹ  Update /home/runner/work/pypjt/pypjt/CHANGELOG.md
[6:00:57 PM] [semantic-release] › ✔  Completed step "prepare" of plugin "@semantic-release/changelog"
[6:00:57 PM] [semantic-release] › ℹ  Start step "prepare" of plugin "@semantic-release/git"
[6:00:57 PM] [semantic-release] [@semantic-release/git] › ℹ  Found 1 file(s) to commit
[6:00:57 PM] [semantic-release] [@semantic-release/git] › ℹ  Prepared Git release: v1.6.0
[6:00:57 PM] [semantic-release] › ✔  Completed step "prepare" of plugin "@semantic-release/git"
[6:00:57 PM] [semantic-release] › ℹ  Start step "generateNotes" of plugin "@semantic-release/release-notes-generator"
[6:00:57 PM] [semantic-release] › ✔  Completed step "generateNotes" of plugin "@semantic-release/release-notes-generator"
[6:00:58 PM] [semantic-release] › ✔  Created tag v1.6.0
[6:00:58 PM] [semantic-release] › ℹ  Start step "publish" of plugin "@semantic-release/github"
[6:00:59 PM] [semantic-release] [@semantic-release/github] › ℹ  Published GitHub release: https://github.com/sleeping-in-bed/pypjt/releases/tag/v1.6.0
[6:00:59 PM] [semantic-release] › ✔  Completed step "publish" of plugin "@semantic-release/github"
[6:00:59 PM] [semantic-release] › ℹ  Start step "success" of plugin "@semantic-release/github"
[6:01:00 PM] [semantic-release] › ✔  Completed step "success" of plugin "@semantic-release/github"
[6:01:00 PM] [semantic-release] › ✔  Published release 1.6.0 on default channel
